[0.025s] Invoking command in '/home/rsa2021/starter_code/src/comp3431-ass3-worlds/build/comp3431_ass3_worlds': CMAKE_PREFIX_PATH=${CMAKE_PREFIX_PATH}:/opt/ros/foxy /usr/bin/cmake /home/rsa2021/starter_code/src/comp3431-ass3-worlds -DCMAKE_INSTALL_PREFIX=/home/rsa2021/starter_code/src/comp3431-ass3-worlds/install/comp3431_ass3_worlds
[0.106s] -- The C compiler identification is GNU 9.3.0
[0.190s] -- The CXX compiler identification is GNU 9.3.0
[0.197s] -- Check for working C compiler: /usr/bin/cc
[0.294s] -- Check for working C compiler: /usr/bin/cc -- works
[0.295s] -- Detecting C compiler ABI info
[0.389s] -- Detecting C compiler ABI info - done
[0.403s] -- Detecting C compile features
[0.403s] -- Detecting C compile features - done
[0.406s] -- Check for working CXX compiler: /usr/bin/c++
[0.513s] -- Check for working CXX compiler: /usr/bin/c++ -- works
[0.514s] -- Detecting CXX compiler ABI info
[0.626s] -- Detecting CXX compiler ABI info - done
[0.644s] -- Detecting CXX compile features
[0.644s] -- Detecting CXX compile features - done
[0.647s] -- Found ament_cmake: 0.9.8 (/opt/ros/foxy/share/ament_cmake/cmake)
[0.680s] -- Found PythonInterp: /usr/bin/python3 (found suitable version "3.8.10", minimum required is "3") 
[0.680s] -- Using PYTHON_EXECUTABLE: /usr/bin/python3
[0.946s] -- Found PkgConfig: /usr/bin/pkg-config (found version "0.29.1") 
[0.951s] -- Checking for module 'bullet>=2.82'
[0.974s] --   Found bullet, version 2.88
[1.167s] -- Found ccd: /usr/include (found suitable version "2.0", minimum required is "2.0") 
[1.257s] -- Found fcl: /usr/include (found suitable version "0.5.0", minimum required is "0.3.2") 
[1.343s] -- Found assimp: /usr/include (found version "5.0.0") 
[1.401s] -- Found DART: /usr/include (Required is at least version "6.6") found components: dart 
[1.831s] -- Found Boost: /usr/lib/x86_64-linux-gnu/cmake/Boost-1.71.0/BoostConfig.cmake (found suitable version "1.71.0", minimum required is "1.40.0") found components: thread system filesystem program_options regex iostreams date_time 
[1.879s] -- Found Protobuf: /usr/lib/x86_64-linux-gnu/libprotobuf.so;-lpthread (found version "3.6.1") 
[1.892s] -- Looking for ignition-math6 -- found version 6.8.0
[1.913s] -- Searching for dependencies of ignition-math6
[1.921s] -- Looking for OGRE...
[1.921s] -- OGRE_PREFIX_WATCH changed.
[1.928s] -- Checking for module 'OGRE'
[1.951s] --   Found OGRE, version 1.9.0
[2.016s] -- Found Ogre Ghadamon (1.9.0)
[2.027s] -- Found OGRE: optimized;/usr/lib/x86_64-linux-gnu/libOgreMain.so;debug;/usr/lib/x86_64-linux-gnu/libOgreMain.so
[2.042s] -- Looking for OGRE_Paging...
[2.054s] -- Found OGRE_Paging: optimized;/usr/lib/x86_64-linux-gnu/libOgrePaging.so;debug;/usr/lib/x86_64-linux-gnu/libOgrePaging.so
[2.054s] -- Looking for OGRE_Terrain...
[2.066s] -- Found OGRE_Terrain: optimized;/usr/lib/x86_64-linux-gnu/libOgreTerrain.so;debug;/usr/lib/x86_64-linux-gnu/libOgreTerrain.so
[2.067s] -- Looking for OGRE_Property...
[2.077s] -- Found OGRE_Property: optimized;/usr/lib/x86_64-linux-gnu/libOgreProperty.so;debug;/usr/lib/x86_64-linux-gnu/libOgreProperty.so
[2.077s] -- Looking for OGRE_RTShaderSystem...
[2.087s] -- Found OGRE_RTShaderSystem: optimized;/usr/lib/x86_64-linux-gnu/libOgreRTShaderSystem.so;debug;/usr/lib/x86_64-linux-gnu/libOgreRTShaderSystem.so
[2.088s] -- Looking for OGRE_Volume...
[2.095s] -- Found OGRE_Volume: optimized;/usr/lib/x86_64-linux-gnu/libOgreVolume.so;debug;/usr/lib/x86_64-linux-gnu/libOgreVolume.so
[2.096s] -- Looking for OGRE_Overlay...
[2.105s] -- Found OGRE_Overlay: optimized;/usr/lib/x86_64-linux-gnu/libOgreOverlay.so;debug;/usr/lib/x86_64-linux-gnu/libOgreOverlay.so
[2.308s] -- Looking for ignition-math6 -- found version 6.8.0
[2.312s] -- Looking for ignition-transport8 -- found version 8.2.0
[2.313s] -- Searching for dependencies of ignition-transport8
[2.336s] -- Found Protobuf: /usr/lib/x86_64-linux-gnu/libprotobuf.so;-lpthread (found suitable version "3.6.1", minimum required is "3") 
[2.357s] -- Config-file not installed for ZeroMQ -- checking for pkg-config
[2.365s] -- Checking for module 'libzmq >= 4'
[2.394s] --   Found libzmq , version 4.3.2
[2.459s] -- Found ZeroMQ: TRUE (Required is at least version "4") 
[2.468s] -- Checking for module 'uuid'
[2.492s] --   Found uuid, version 2.34.0
[2.547s] -- Found UUID: TRUE  
[2.553s] -- Looking for ignition-msgs5 -- found version 5.7.0
[2.554s] -- Searching for dependencies of ignition-msgs5
[2.579s] -- Looking for ignition-math6 -- found version 6.8.0
[2.588s] -- Checking for module 'tinyxml2'
[2.613s] --   Found tinyxml2, version 6.2.0
[2.678s] -- Looking for ignition-msgs5 -- found version 5.7.0
[2.684s] -- Looking for ignition-common3 -- found version 3.13.1
[2.685s] -- Searching for dependencies of ignition-common3
[2.686s] -- Looking for dlfcn.h - found
[2.687s] -- Looking for libdl - found
[2.689s] -- Found DL: TRUE  
[2.700s] -- Searching for <ignition-common3> component [graphics]
[2.704s] -- Looking for ignition-common3-graphics -- found version 3.13.1
[2.704s] -- Searching for dependencies of ignition-common3-graphics
[2.705s] -- Looking for ignition-math6 -- found version 6.8.0
[2.712s] -- Looking for ignition-fuel_tools4 -- found version 4.3.0
[2.712s] -- Searching for dependencies of ignition-fuel_tools4
[2.821s] -- Found CURL: /usr/lib/x86_64-linux-gnu/libcurl.so (found version "7.68.0")  
[2.835s] -- Checking for module 'jsoncpp'
[2.866s] --   Found jsoncpp, version 1.7.4
[2.925s] -- Found JSONCPP: TRUE  
[2.936s] -- Checking for module 'libzip'
[2.962s] --   Found libzip, version 1.5.1
[3.019s] -- Found ZIP: TRUE  
[3.019s] -- Looking for ignition-common3 -- found version 3.13.1
[3.020s] -- Looking for ignition-msgs5 -- found version 5.7.0
[3.026s] -- Found gazebo_ros_pkgs: 3.5.3 (/opt/ros/foxy/share/gazebo_ros_pkgs/cmake)
[3.103s] -- Configuring done
[3.106s] -- Generating done
[3.108s] -- Build files have been written to: /home/rsa2021/starter_code/src/comp3431-ass3-worlds/build/comp3431_ass3_worlds
[3.118s] Invoked command in '/home/rsa2021/starter_code/src/comp3431-ass3-worlds/build/comp3431_ass3_worlds' returned '0': CMAKE_PREFIX_PATH=${CMAKE_PREFIX_PATH}:/opt/ros/foxy /usr/bin/cmake /home/rsa2021/starter_code/src/comp3431-ass3-worlds -DCMAKE_INSTALL_PREFIX=/home/rsa2021/starter_code/src/comp3431-ass3-worlds/install/comp3431_ass3_worlds
[3.123s] Invoking command in '/home/rsa2021/starter_code/src/comp3431-ass3-worlds/build/comp3431_ass3_worlds': CMAKE_PREFIX_PATH=${CMAKE_PREFIX_PATH}:/opt/ros/foxy /usr/bin/cmake --build /home/rsa2021/starter_code/src/comp3431-ass3-worlds/build/comp3431_ass3_worlds -- -j8 -l8
[3.181s] Invoked command in '/home/rsa2021/starter_code/src/comp3431-ass3-worlds/build/comp3431_ass3_worlds' returned '0': CMAKE_PREFIX_PATH=${CMAKE_PREFIX_PATH}:/opt/ros/foxy /usr/bin/cmake --build /home/rsa2021/starter_code/src/comp3431-ass3-worlds/build/comp3431_ass3_worlds -- -j8 -l8
[3.235s] Invoking command in '/home/rsa2021/starter_code/src/comp3431-ass3-worlds/build/comp3431_ass3_worlds': CMAKE_PREFIX_PATH=${CMAKE_PREFIX_PATH}:/opt/ros/foxy /usr/bin/cmake --install /home/rsa2021/starter_code/src/comp3431-ass3-worlds/build/comp3431_ass3_worlds
[3.247s] -- Install configuration: ""
[3.248s] -- Installing: /home/rsa2021/starter_code/src/comp3431-ass3-worlds/install/comp3431_ass3_worlds/share/comp3431_ass3_worlds//launch
[3.248s] -- Installing: /home/rsa2021/starter_code/src/comp3431-ass3-worlds/install/comp3431_ass3_worlds/share/comp3431_ass3_worlds//launch/house1.launch.py
[3.248s] -- Installing: /home/rsa2021/starter_code/src/comp3431-ass3-worlds/install/comp3431_ass3_worlds/share/comp3431_ass3_worlds//models
[3.249s] -- Installing: /home/rsa2021/starter_code/src/comp3431-ass3-worlds/install/comp3431_ass3_worlds/share/comp3431_ass3_worlds//models/dining-room
[3.249s] -- Installing: /home/rsa2021/starter_code/src/comp3431-ass3-worlds/install/comp3431_ass3_worlds/share/comp3431_ass3_worlds//models/dining-room/materials
[3.249s] -- Installing: /home/rsa2021/starter_code/src/comp3431-ass3-worlds/install/comp3431_ass3_worlds/share/comp3431_ass3_worlds//models/dining-room/materials/textures
[3.250s] -- Installing: /home/rsa2021/starter_code/src/comp3431-ass3-worlds/install/comp3431_ass3_worlds/share/comp3431_ass3_worlds//models/dining-room/materials/textures/dining-room_coffee_banana.png
[3.250s] -- Installing: /home/rsa2021/starter_code/src/comp3431-ass3-worlds/install/comp3431_ass3_worlds/share/comp3431_ass3_worlds//models/dining-room/materials/textures/dining-room.png
[3.251s] -- Installing: /home/rsa2021/starter_code/src/comp3431-ass3-worlds/install/comp3431_ass3_worlds/share/comp3431_ass3_worlds//models/dining-room/.model.sdf.swp
[3.251s] -- Installing: /home/rsa2021/starter_code/src/comp3431-ass3-worlds/install/comp3431_ass3_worlds/share/comp3431_ass3_worlds//models/dining-room/model.config
[3.251s] -- Installing: /home/rsa2021/starter_code/src/comp3431-ass3-worlds/install/comp3431_ass3_worlds/share/comp3431_ass3_worlds//models/dining-room/meshes
[3.251s] -- Installing: /home/rsa2021/starter_code/src/comp3431-ass3-worlds/install/comp3431_ass3_worlds/share/comp3431_ass3_worlds//models/dining-room/meshes/dining-room.dae
[3.252s] -- Installing: /home/rsa2021/starter_code/src/comp3431-ass3-worlds/install/comp3431_ass3_worlds/share/comp3431_ass3_worlds//models/dining-room/model.sdf
[3.252s] -- Installing: /home/rsa2021/starter_code/src/comp3431-ass3-worlds/install/comp3431_ass3_worlds/share/comp3431_ass3_worlds//models/storage-room
[3.252s] -- Installing: /home/rsa2021/starter_code/src/comp3431-ass3-worlds/install/comp3431_ass3_worlds/share/comp3431_ass3_worlds//models/storage-room/materials
[3.253s] -- Installing: /home/rsa2021/starter_code/src/comp3431-ass3-worlds/install/comp3431_ass3_worlds/share/comp3431_ass3_worlds//models/storage-room/materials/textures
[3.253s] -- Installing: /home/rsa2021/starter_code/src/comp3431-ass3-worlds/install/comp3431_ass3_worlds/share/comp3431_ass3_worlds//models/storage-room/materials/textures/storage-room.png
[3.253s] -- Installing: /home/rsa2021/starter_code/src/comp3431-ass3-worlds/install/comp3431_ass3_worlds/share/comp3431_ass3_worlds//models/storage-room/.model.sdf.swp
[3.254s] -- Installing: /home/rsa2021/starter_code/src/comp3431-ass3-worlds/install/comp3431_ass3_worlds/share/comp3431_ass3_worlds//models/storage-room/model.config
[3.254s] -- Installing: /home/rsa2021/starter_code/src/comp3431-ass3-worlds/install/comp3431_ass3_worlds/share/comp3431_ass3_worlds//models/storage-room/meshes
[3.254s] -- Installing: /home/rsa2021/starter_code/src/comp3431-ass3-worlds/install/comp3431_ass3_worlds/share/comp3431_ass3_worlds//models/storage-room/meshes/storage-room.dae
[3.255s] -- Installing: /home/rsa2021/starter_code/src/comp3431-ass3-worlds/install/comp3431_ass3_worlds/share/comp3431_ass3_worlds//models/storage-room/model.sdf
[3.255s] -- Installing: /home/rsa2021/starter_code/src/comp3431-ass3-worlds/install/comp3431_ass3_worlds/share/comp3431_ass3_worlds//models/living-room
[3.256s] -- Installing: /home/rsa2021/starter_code/src/comp3431-ass3-worlds/install/comp3431_ass3_worlds/share/comp3431_ass3_worlds//models/living-room/materials
[3.256s] -- Installing: /home/rsa2021/starter_code/src/comp3431-ass3-worlds/install/comp3431_ass3_worlds/share/comp3431_ass3_worlds//models/living-room/materials/textures
[3.256s] -- Installing: /home/rsa2021/starter_code/src/comp3431-ass3-worlds/install/comp3431_ass3_worlds/share/comp3431_ass3_worlds//models/living-room/materials/textures/living-room.png
[3.256s] -- Installing: /home/rsa2021/starter_code/src/comp3431-ass3-worlds/install/comp3431_ass3_worlds/share/comp3431_ass3_worlds//models/living-room/.model.sdf.swp
[3.256s] -- Installing: /home/rsa2021/starter_code/src/comp3431-ass3-worlds/install/comp3431_ass3_worlds/share/comp3431_ass3_worlds//models/living-room/model.config
[3.257s] -- Installing: /home/rsa2021/starter_code/src/comp3431-ass3-worlds/install/comp3431_ass3_worlds/share/comp3431_ass3_worlds//models/living-room/meshes
[3.257s] -- Installing: /home/rsa2021/starter_code/src/comp3431-ass3-worlds/install/comp3431_ass3_worlds/share/comp3431_ass3_worlds//models/living-room/meshes/living-room.dae
[3.257s] -- Installing: /home/rsa2021/starter_code/src/comp3431-ass3-worlds/install/comp3431_ass3_worlds/share/comp3431_ass3_worlds//models/living-room/model.sdf
[3.257s] -- Installing: /home/rsa2021/starter_code/src/comp3431-ass3-worlds/install/comp3431_ass3_worlds/share/comp3431_ass3_worlds//models/kitchen
[3.257s] -- Installing: /home/rsa2021/starter_code/src/comp3431-ass3-worlds/install/comp3431_ass3_worlds/share/comp3431_ass3_worlds//models/kitchen/materials
[3.257s] -- Installing: /home/rsa2021/starter_code/src/comp3431-ass3-worlds/install/comp3431_ass3_worlds/share/comp3431_ass3_worlds//models/kitchen/materials/textures
[3.258s] -- Installing: /home/rsa2021/starter_code/src/comp3431-ass3-worlds/install/comp3431_ass3_worlds/share/comp3431_ass3_worlds//models/kitchen/materials/textures/kitchen_fanta_apple.png
[3.258s] -- Installing: /home/rsa2021/starter_code/src/comp3431-ass3-worlds/install/comp3431_ass3_worlds/share/comp3431_ass3_worlds//models/kitchen/materials/textures/kitchen.png
[3.258s] -- Installing: /home/rsa2021/starter_code/src/comp3431-ass3-worlds/install/comp3431_ass3_worlds/share/comp3431_ass3_worlds//models/kitchen/.model.sdf.swp
[3.258s] -- Installing: /home/rsa2021/starter_code/src/comp3431-ass3-worlds/install/comp3431_ass3_worlds/share/comp3431_ass3_worlds//models/kitchen/model.config
[3.258s] -- Installing: /home/rsa2021/starter_code/src/comp3431-ass3-worlds/install/comp3431_ass3_worlds/share/comp3431_ass3_worlds//models/kitchen/meshes
[3.258s] -- Installing: /home/rsa2021/starter_code/src/comp3431-ass3-worlds/install/comp3431_ass3_worlds/share/comp3431_ass3_worlds//models/kitchen/meshes/kitchen.dae
[3.258s] -- Installing: /home/rsa2021/starter_code/src/comp3431-ass3-worlds/install/comp3431_ass3_worlds/share/comp3431_ass3_worlds//models/kitchen/model.sdf
[3.258s] -- Installing: /home/rsa2021/starter_code/src/comp3431-ass3-worlds/install/comp3431_ass3_worlds/share/comp3431_ass3_worlds//models/study
[3.259s] -- Installing: /home/rsa2021/starter_code/src/comp3431-ass3-worlds/install/comp3431_ass3_worlds/share/comp3431_ass3_worlds//models/study/materials
[3.259s] -- Installing: /home/rsa2021/starter_code/src/comp3431-ass3-worlds/install/comp3431_ass3_worlds/share/comp3431_ass3_worlds//models/study/materials/textures
[3.259s] -- Installing: /home/rsa2021/starter_code/src/comp3431-ass3-worlds/install/comp3431_ass3_worlds/share/comp3431_ass3_worlds//models/study/materials/textures/study_orange.png
[3.259s] -- Installing: /home/rsa2021/starter_code/src/comp3431-ass3-worlds/install/comp3431_ass3_worlds/share/comp3431_ass3_worlds//models/study/materials/textures/study.png
[3.259s] -- Installing: /home/rsa2021/starter_code/src/comp3431-ass3-worlds/install/comp3431_ass3_worlds/share/comp3431_ass3_worlds//models/study/.model.sdf.swp
[3.259s] -- Installing: /home/rsa2021/starter_code/src/comp3431-ass3-worlds/install/comp3431_ass3_worlds/share/comp3431_ass3_worlds//models/study/model.config
[3.260s] -- Installing: /home/rsa2021/starter_code/src/comp3431-ass3-worlds/install/comp3431_ass3_worlds/share/comp3431_ass3_worlds//models/study/meshes
[3.260s] -- Installing: /home/rsa2021/starter_code/src/comp3431-ass3-worlds/install/comp3431_ass3_worlds/share/comp3431_ass3_worlds//models/study/meshes/study.dae
[3.260s] -- Installing: /home/rsa2021/starter_code/src/comp3431-ass3-worlds/install/comp3431_ass3_worlds/share/comp3431_ass3_worlds//models/study/model.sdf
[3.260s] -- Installing: /home/rsa2021/starter_code/src/comp3431-ass3-worlds/install/comp3431_ass3_worlds/share/comp3431_ass3_worlds//models/pantry
[3.260s] -- Installing: /home/rsa2021/starter_code/src/comp3431-ass3-worlds/install/comp3431_ass3_worlds/share/comp3431_ass3_worlds//models/pantry/materials
[3.260s] -- Installing: /home/rsa2021/starter_code/src/comp3431-ass3-worlds/install/comp3431_ass3_worlds/share/comp3431_ass3_worlds//models/pantry/materials/textures
[3.260s] -- Installing: /home/rsa2021/starter_code/src/comp3431-ass3-worlds/install/comp3431_ass3_worlds/share/comp3431_ass3_worlds//models/pantry/materials/textures/pantry.png
[3.260s] -- Installing: /home/rsa2021/starter_code/src/comp3431-ass3-worlds/install/comp3431_ass3_worlds/share/comp3431_ass3_worlds//models/pantry/.model.sdf.swp
[3.261s] -- Installing: /home/rsa2021/starter_code/src/comp3431-ass3-worlds/install/comp3431_ass3_worlds/share/comp3431_ass3_worlds//models/pantry/model.config
[3.261s] -- Installing: /home/rsa2021/starter_code/src/comp3431-ass3-worlds/install/comp3431_ass3_worlds/share/comp3431_ass3_worlds//models/pantry/meshes
[3.261s] -- Installing: /home/rsa2021/starter_code/src/comp3431-ass3-worlds/install/comp3431_ass3_worlds/share/comp3431_ass3_worlds//models/pantry/meshes/pantry.dae
[3.261s] -- Installing: /home/rsa2021/starter_code/src/comp3431-ass3-worlds/install/comp3431_ass3_worlds/share/comp3431_ass3_worlds//models/pantry/model.sdf
[3.261s] -- Installing: /home/rsa2021/starter_code/src/comp3431-ass3-worlds/install/comp3431_ass3_worlds/share/comp3431_ass3_worlds//worlds
[3.262s] -- Installing: /home/rsa2021/starter_code/src/comp3431-ass3-worlds/install/comp3431_ass3_worlds/share/comp3431_ass3_worlds//worlds/house1.model
[3.262s] -- Installing: /home/rsa2021/starter_code/src/comp3431-ass3-worlds/install/comp3431_ass3_worlds/share/ament_index/resource_index/package_run_dependencies/comp3431_ass3_worlds
[3.262s] -- Installing: /home/rsa2021/starter_code/src/comp3431-ass3-worlds/install/comp3431_ass3_worlds/share/ament_index/resource_index/parent_prefix_path/comp3431_ass3_worlds
[3.262s] -- Installing: /home/rsa2021/starter_code/src/comp3431-ass3-worlds/install/comp3431_ass3_worlds/share/comp3431_ass3_worlds/environment/ament_prefix_path.sh
[3.262s] -- Installing: /home/rsa2021/starter_code/src/comp3431-ass3-worlds/install/comp3431_ass3_worlds/share/comp3431_ass3_worlds/environment/ament_prefix_path.dsv
[3.262s] -- Installing: /home/rsa2021/starter_code/src/comp3431-ass3-worlds/install/comp3431_ass3_worlds/share/comp3431_ass3_worlds/environment/path.sh
[3.263s] -- Installing: /home/rsa2021/starter_code/src/comp3431-ass3-worlds/install/comp3431_ass3_worlds/share/comp3431_ass3_worlds/environment/path.dsv
[3.263s] -- Installing: /home/rsa2021/starter_code/src/comp3431-ass3-worlds/install/comp3431_ass3_worlds/share/comp3431_ass3_worlds/local_setup.bash
[3.263s] -- Installing: /home/rsa2021/starter_code/src/comp3431-ass3-worlds/install/comp3431_ass3_worlds/share/comp3431_ass3_worlds/local_setup.sh
[3.263s] -- Installing: /home/rsa2021/starter_code/src/comp3431-ass3-worlds/install/comp3431_ass3_worlds/share/comp3431_ass3_worlds/local_setup.zsh
[3.263s] -- Installing: /home/rsa2021/starter_code/src/comp3431-ass3-worlds/install/comp3431_ass3_worlds/share/comp3431_ass3_worlds/local_setup.dsv
[3.263s] -- Installing: /home/rsa2021/starter_code/src/comp3431-ass3-worlds/install/comp3431_ass3_worlds/share/comp3431_ass3_worlds/package.dsv
[3.263s] -- Installing: /home/rsa2021/starter_code/src/comp3431-ass3-worlds/install/comp3431_ass3_worlds/share/ament_index/resource_index/packages/comp3431_ass3_worlds
[3.263s] -- Installing: /home/rsa2021/starter_code/src/comp3431-ass3-worlds/install/comp3431_ass3_worlds/share/comp3431_ass3_worlds/cmake/comp3431_ass3_worldsConfig.cmake
[3.263s] -- Installing: /home/rsa2021/starter_code/src/comp3431-ass3-worlds/install/comp3431_ass3_worlds/share/comp3431_ass3_worlds/cmake/comp3431_ass3_worldsConfig-version.cmake
[3.264s] -- Installing: /home/rsa2021/starter_code/src/comp3431-ass3-worlds/install/comp3431_ass3_worlds/share/comp3431_ass3_worlds/package.xml
[3.266s] Invoked command in '/home/rsa2021/starter_code/src/comp3431-ass3-worlds/build/comp3431_ass3_worlds' returned '0': CMAKE_PREFIX_PATH=${CMAKE_PREFIX_PATH}:/opt/ros/foxy /usr/bin/cmake --install /home/rsa2021/starter_code/src/comp3431-ass3-worlds/build/comp3431_ass3_worlds
