[0.351s] DEBUG:colcon:Command line arguments: ['/usr/bin/colcon', 'build']
[0.351s] DEBUG:colcon:Parsed command line arguments: Namespace(ament_cmake_args=None, base_paths=['.'], build_base='build', catkin_cmake_args=None, catkin_skip_building_tests=False, cmake_args=None, cmake_clean_cache=False, cmake_clean_first=False, cmake_force_configure=False, cmake_target=None, cmake_target_skip_unavailable=False, continue_on_error=False, event_handlers=None, executor='parallel', ignore_user_meta=False, install_base='install', log_base=None, log_level=None, main=<bound method BuildVerb.main of <colcon_core.verb.build.BuildVerb object at 0x7f51e8be8c40>>, merge_install=False, metas=['./colcon.meta'], packages_above=None, packages_above_and_dependencies=None, packages_above_depth=None, packages_end=None, packages_ignore=None, packages_ignore_regex=None, packages_select=None, packages_select_build_failed=False, packages_select_by_dep=None, packages_select_regex=None, packages_select_test_failures=False, packages_skip=None, packages_skip_build_finished=False, packages_skip_by_dep=None, packages_skip_regex=None, packages_skip_test_passed=False, packages_skip_up_to=None, packages_start=None, packages_up_to=None, packages_up_to_regex=None, parallel_workers=8, paths=None, symlink_install=False, test_result_base=None, verb_extension=<colcon_core.verb.build.BuildVerb object at 0x7f51e8be8c40>, verb_name='build', verb_parser=<colcon_defaults.argument_parser.defaults.DefaultArgumentsDecorator object at 0x7f51e8bf61f0>)
[0.357s] Level 1:colcon.colcon_core.package_discovery:discover_packages(colcon_meta) check parameters
[0.357s] Level 1:colcon.colcon_core.package_discovery:discover_packages(recursive) check parameters
[0.358s] Level 1:colcon.colcon_core.package_discovery:discover_packages(ignore) check parameters
[0.358s] Level 1:colcon.colcon_core.package_discovery:discover_packages(path) check parameters
[0.358s] Level 1:colcon.colcon_core.package_discovery:discover_packages(colcon_meta) discover
[0.358s] Level 1:colcon.colcon_core.package_discovery:discover_packages(recursive) discover
[0.358s] INFO:colcon.colcon_core.package_discovery:Crawling recursively for packages in '/home/rsa2021/starter_code/src/comp3431-ass3-worlds'
[0.358s] Level 1:colcon.colcon_core.package_identification:_identify(.) by extensions ['ignore', 'ignore_ament_install']
[0.358s] Level 1:colcon.colcon_core.package_identification:_identify(.) by extension 'ignore'
[0.358s] Level 1:colcon.colcon_core.package_identification:_identify(.) by extension 'ignore_ament_install'
[0.358s] Level 1:colcon.colcon_core.package_identification:_identify(.) by extensions ['colcon_pkg']
[0.358s] Level 1:colcon.colcon_core.package_identification:_identify(.) by extension 'colcon_pkg'
[0.358s] Level 1:colcon.colcon_core.package_identification:_identify(.) by extensions ['colcon_meta']
[0.358s] Level 1:colcon.colcon_core.package_identification:_identify(.) by extension 'colcon_meta'
[0.358s] Level 1:colcon.colcon_core.package_identification:_identify(.) by extensions ['ros']
[0.358s] Level 1:colcon.colcon_core.package_identification:_identify(.) by extension 'ros'
[0.374s] DEBUG:colcon.colcon_core.package_identification:Package '.' with type 'ros.ament_cmake' and name 'comp3431_ass3_worlds'
[0.374s] Level 1:colcon.colcon_core.package_discovery:discover_packages(recursive) using defaults
[0.374s] Level 1:colcon.colcon_core.package_discovery:discover_packages(ignore) discover
[0.374s] Level 1:colcon.colcon_core.package_discovery:discover_packages(ignore) using defaults
[0.374s] Level 1:colcon.colcon_core.package_discovery:discover_packages(path) discover
[0.374s] Level 1:colcon.colcon_core.package_discovery:discover_packages(path) using defaults
[0.396s] Level 5:colcon.colcon_core.verb:set package 'comp3431_ass3_worlds' build argument 'cmake_args' from command line to 'None'
[0.396s] Level 5:colcon.colcon_core.verb:set package 'comp3431_ass3_worlds' build argument 'cmake_target' from command line to 'None'
[0.396s] Level 5:colcon.colcon_core.verb:set package 'comp3431_ass3_worlds' build argument 'cmake_target_skip_unavailable' from command line to 'False'
[0.396s] Level 5:colcon.colcon_core.verb:set package 'comp3431_ass3_worlds' build argument 'cmake_clean_cache' from command line to 'False'
[0.396s] Level 5:colcon.colcon_core.verb:set package 'comp3431_ass3_worlds' build argument 'cmake_clean_first' from command line to 'False'
[0.396s] Level 5:colcon.colcon_core.verb:set package 'comp3431_ass3_worlds' build argument 'cmake_force_configure' from command line to 'False'
[0.396s] Level 5:colcon.colcon_core.verb:set package 'comp3431_ass3_worlds' build argument 'ament_cmake_args' from command line to 'None'
[0.396s] Level 5:colcon.colcon_core.verb:set package 'comp3431_ass3_worlds' build argument 'catkin_cmake_args' from command line to 'None'
[0.396s] Level 5:colcon.colcon_core.verb:set package 'comp3431_ass3_worlds' build argument 'catkin_skip_building_tests' from command line to 'False'
[0.396s] DEBUG:colcon.colcon_core.verb:Building package 'comp3431_ass3_worlds' with the following arguments: {'ament_cmake_args': None, 'build_base': '/home/rsa2021/starter_code/src/comp3431-ass3-worlds/build/comp3431_ass3_worlds', 'catkin_cmake_args': None, 'catkin_skip_building_tests': False, 'cmake_args': None, 'cmake_clean_cache': False, 'cmake_clean_first': False, 'cmake_force_configure': False, 'cmake_target': None, 'cmake_target_skip_unavailable': False, 'install_base': '/home/rsa2021/starter_code/src/comp3431-ass3-worlds/install/comp3431_ass3_worlds', 'merge_install': False, 'path': '/home/rsa2021/starter_code/src/comp3431-ass3-worlds', 'symlink_install': False, 'test_result_base': None}
[0.397s] INFO:colcon.colcon_core.executor:Executing jobs using 'parallel' executor
[0.400s] DEBUG:colcon.colcon_parallel_executor.executor.parallel:run_until_complete
[0.400s] INFO:colcon.colcon_ros.task.ament_cmake.build:Building ROS package in '/home/rsa2021/starter_code/src/comp3431-ass3-worlds' with build type 'ament_cmake'
[0.400s] INFO:colcon.colcon_cmake.task.cmake.build:Building CMake package in '/home/rsa2021/starter_code/src/comp3431-ass3-worlds'
[0.405s] INFO:colcon.colcon_core.plugin_system:Skipping extension 'colcon_core.shell.bat': Not used on non-Windows systems
[0.406s] INFO:colcon.colcon_core.shell:Skip shell extension 'powershell' for command environment: Not usable outside of PowerShell
[0.406s] DEBUG:colcon.colcon_core.shell:Skip shell extension 'dsv' for command environment
[0.410s] WARNING:colcon.colcon_core.prefix_path.colcon:The path '/home/rsa2021/starter_code/install' in the environment variable COLCON_PREFIX_PATH doesn't exist
[0.410s] WARNING:colcon.colcon_ros.prefix_path.ament:The path '/home/rsa2021/starter_code/install/zbar_ros' in the environment variable AMENT_PREFIX_PATH doesn't exist
[0.410s] WARNING:colcon.colcon_ros.prefix_path.ament:The path '/home/rsa2021/starter_code/install/comp3431_starter' in the environment variable AMENT_PREFIX_PATH doesn't exist
[0.410s] WARNING:colcon.colcon_ros.prefix_path.ament:The path '/home/rsa2021/starter_code/install/zbar_ros_interfaces' in the environment variable AMENT_PREFIX_PATH doesn't exist
[0.410s] WARNING:colcon.colcon_ros.prefix_path.ament:The path '/home/rsa2021/starter_code/install/soccer_marker_generation' in the environment variable AMENT_PREFIX_PATH doesn't exist
[0.410s] WARNING:colcon.colcon_ros.prefix_path.ament:The path '/home/rsa2021/starter_code/install/soccer_vision_msgs' in the environment variable AMENT_PREFIX_PATH doesn't exist
[0.411s] WARNING:colcon.colcon_ros.prefix_path.ament:The path '/home/rsa2021/starter_code/install/comp3431_interfaces' in the environment variable AMENT_PREFIX_PATH doesn't exist
[0.411s] WARNING:colcon.colcon_ros.prefix_path.ament:The path '/home/rsa2021/starter_code/install/comp3431_ass3_worlds' in the environment variable AMENT_PREFIX_PATH doesn't exist
[0.411s] WARNING:colcon.colcon_ros.prefix_path.catkin:The path '/home/rsa2021/starter_code/install/zbar_ros' in the environment variable CMAKE_PREFIX_PATH doesn't exist
[0.412s] WARNING:colcon.colcon_ros.prefix_path.catkin:The path '/home/rsa2021/starter_code/install/comp3431_starter' in the environment variable CMAKE_PREFIX_PATH doesn't exist
[0.412s] WARNING:colcon.colcon_ros.prefix_path.catkin:The path '/home/rsa2021/starter_code/install/zbar_ros_interfaces' in the environment variable CMAKE_PREFIX_PATH doesn't exist
[0.412s] WARNING:colcon.colcon_ros.prefix_path.catkin:The path '/home/rsa2021/starter_code/install/soccer_marker_generation' in the environment variable CMAKE_PREFIX_PATH doesn't exist
[0.412s] WARNING:colcon.colcon_ros.prefix_path.catkin:The path '/home/rsa2021/starter_code/install/soccer_vision_msgs' in the environment variable CMAKE_PREFIX_PATH doesn't exist
[0.412s] WARNING:colcon.colcon_ros.prefix_path.catkin:The path '/home/rsa2021/starter_code/install/comp3431_interfaces' in the environment variable CMAKE_PREFIX_PATH doesn't exist
[0.412s] WARNING:colcon.colcon_ros.prefix_path.catkin:The path '/home/rsa2021/starter_code/install/comp3431_ass3_worlds' in the environment variable CMAKE_PREFIX_PATH doesn't exist
[0.413s] DEBUG:colcon.colcon_core.shell:Ignoring prefix path '/opt/ros/foxy'
[0.426s] DEBUG:colcon.colcon_core.event_handler.log_command:Invoking command in '/home/rsa2021/starter_code/src/comp3431-ass3-worlds/build/comp3431_ass3_worlds': CMAKE_PREFIX_PATH=${CMAKE_PREFIX_PATH}:/opt/ros/foxy /usr/bin/cmake /home/rsa2021/starter_code/src/comp3431-ass3-worlds -DCMAKE_INSTALL_PREFIX=/home/rsa2021/starter_code/src/comp3431-ass3-worlds/install/comp3431_ass3_worlds
[3.519s] DEBUG:colcon.colcon_core.event_handler.log_command:Invoked command in '/home/rsa2021/starter_code/src/comp3431-ass3-worlds/build/comp3431_ass3_worlds' returned '0': CMAKE_PREFIX_PATH=${CMAKE_PREFIX_PATH}:/opt/ros/foxy /usr/bin/cmake /home/rsa2021/starter_code/src/comp3431-ass3-worlds -DCMAKE_INSTALL_PREFIX=/home/rsa2021/starter_code/src/comp3431-ass3-worlds/install/comp3431_ass3_worlds
[3.524s] DEBUG:colcon.colcon_core.event_handler.log_command:Invoking command in '/home/rsa2021/starter_code/src/comp3431-ass3-worlds/build/comp3431_ass3_worlds': CMAKE_PREFIX_PATH=${CMAKE_PREFIX_PATH}:/opt/ros/foxy /usr/bin/cmake --build /home/rsa2021/starter_code/src/comp3431-ass3-worlds/build/comp3431_ass3_worlds -- -j8 -l8
[3.582s] DEBUG:colcon.colcon_core.event_handler.log_command:Invoked command in '/home/rsa2021/starter_code/src/comp3431-ass3-worlds/build/comp3431_ass3_worlds' returned '0': CMAKE_PREFIX_PATH=${CMAKE_PREFIX_PATH}:/opt/ros/foxy /usr/bin/cmake --build /home/rsa2021/starter_code/src/comp3431-ass3-worlds/build/comp3431_ass3_worlds -- -j8 -l8
[3.637s] DEBUG:colcon.colcon_core.event_handler.log_command:Invoking command in '/home/rsa2021/starter_code/src/comp3431-ass3-worlds/build/comp3431_ass3_worlds': CMAKE_PREFIX_PATH=${CMAKE_PREFIX_PATH}:/opt/ros/foxy /usr/bin/cmake --install /home/rsa2021/starter_code/src/comp3431-ass3-worlds/build/comp3431_ass3_worlds
[3.667s] Level 1:colcon.colcon_core.environment:create_environment_scripts_only(comp3431_ass3_worlds)
[3.668s] DEBUG:colcon.colcon_core.event_handler.log_command:Invoked command in '/home/rsa2021/starter_code/src/comp3431-ass3-worlds/build/comp3431_ass3_worlds' returned '0': CMAKE_PREFIX_PATH=${CMAKE_PREFIX_PATH}:/opt/ros/foxy /usr/bin/cmake --install /home/rsa2021/starter_code/src/comp3431-ass3-worlds/build/comp3431_ass3_worlds
[3.672s] Level 1:colcon.colcon_core.environment:checking '/home/rsa2021/starter_code/src/comp3431-ass3-worlds/install/comp3431_ass3_worlds' for CMake module files
[3.673s] Level 1:colcon.colcon_core.environment:checking '/home/rsa2021/starter_code/src/comp3431-ass3-worlds/install/comp3431_ass3_worlds' for CMake config files
[3.673s] Level 1:colcon.colcon_core.shell:create_environment_hook('comp3431_ass3_worlds', 'cmake_prefix_path')
[3.674s] INFO:colcon.colcon_core.shell:Creating environment hook '/home/rsa2021/starter_code/src/comp3431-ass3-worlds/install/comp3431_ass3_worlds/share/comp3431_ass3_worlds/hook/cmake_prefix_path.ps1'
[3.675s] INFO:colcon.colcon_core.shell:Creating environment descriptor '/home/rsa2021/starter_code/src/comp3431-ass3-worlds/install/comp3431_ass3_worlds/share/comp3431_ass3_worlds/hook/cmake_prefix_path.dsv'
[3.675s] INFO:colcon.colcon_core.shell:Creating environment hook '/home/rsa2021/starter_code/src/comp3431-ass3-worlds/install/comp3431_ass3_worlds/share/comp3431_ass3_worlds/hook/cmake_prefix_path.sh'
[3.677s] Level 1:colcon.colcon_core.environment:checking '/home/rsa2021/starter_code/src/comp3431-ass3-worlds/install/comp3431_ass3_worlds/bin'
[3.677s] Level 1:colcon.colcon_core.environment:checking '/home/rsa2021/starter_code/src/comp3431-ass3-worlds/install/comp3431_ass3_worlds/lib/pkgconfig/comp3431_ass3_worlds.pc'
[3.677s] Level 1:colcon.colcon_core.environment:checking '/home/rsa2021/starter_code/src/comp3431-ass3-worlds/install/comp3431_ass3_worlds/lib/python3.8/site-packages'
[3.678s] INFO:colcon.colcon_core.shell:Creating package script '/home/rsa2021/starter_code/src/comp3431-ass3-worlds/install/comp3431_ass3_worlds/share/comp3431_ass3_worlds/package.ps1'
[3.678s] INFO:colcon.colcon_core.shell:Creating package descriptor '/home/rsa2021/starter_code/src/comp3431-ass3-worlds/install/comp3431_ass3_worlds/share/comp3431_ass3_worlds/package.dsv'
[3.679s] INFO:colcon.colcon_core.shell:Creating package script '/home/rsa2021/starter_code/src/comp3431-ass3-worlds/install/comp3431_ass3_worlds/share/comp3431_ass3_worlds/package.sh'
[3.680s] INFO:colcon.colcon_core.shell:Creating package script '/home/rsa2021/starter_code/src/comp3431-ass3-worlds/install/comp3431_ass3_worlds/share/comp3431_ass3_worlds/package.bash'
[3.681s] INFO:colcon.colcon_core.shell:Creating package script '/home/rsa2021/starter_code/src/comp3431-ass3-worlds/install/comp3431_ass3_worlds/share/comp3431_ass3_worlds/package.zsh'
[3.682s] Level 1:colcon.colcon_core.environment:create_file_with_runtime_dependencies(/home/rsa2021/starter_code/src/comp3431-ass3-worlds/install/comp3431_ass3_worlds/share/colcon-core/packages/comp3431_ass3_worlds)
[3.716s] Level 1:colcon.colcon_core.environment:create_environment_scripts_only(comp3431_ass3_worlds)
[3.717s] Level 1:colcon.colcon_core.environment:checking '/home/rsa2021/starter_code/src/comp3431-ass3-worlds/install/comp3431_ass3_worlds' for CMake module files
[3.718s] Level 1:colcon.colcon_core.environment:checking '/home/rsa2021/starter_code/src/comp3431-ass3-worlds/install/comp3431_ass3_worlds' for CMake config files
[3.718s] Level 1:colcon.colcon_core.shell:create_environment_hook('comp3431_ass3_worlds', 'cmake_prefix_path')
[3.719s] INFO:colcon.colcon_core.shell:Creating environment hook '/home/rsa2021/starter_code/src/comp3431-ass3-worlds/install/comp3431_ass3_worlds/share/comp3431_ass3_worlds/hook/cmake_prefix_path.ps1'
[3.720s] INFO:colcon.colcon_core.shell:Creating environment descriptor '/home/rsa2021/starter_code/src/comp3431-ass3-worlds/install/comp3431_ass3_worlds/share/comp3431_ass3_worlds/hook/cmake_prefix_path.dsv'
[3.720s] INFO:colcon.colcon_core.shell:Creating environment hook '/home/rsa2021/starter_code/src/comp3431-ass3-worlds/install/comp3431_ass3_worlds/share/comp3431_ass3_worlds/hook/cmake_prefix_path.sh'
[3.721s] Level 1:colcon.colcon_core.environment:checking '/home/rsa2021/starter_code/src/comp3431-ass3-worlds/install/comp3431_ass3_worlds/bin'
[3.721s] Level 1:colcon.colcon_core.environment:checking '/home/rsa2021/starter_code/src/comp3431-ass3-worlds/install/comp3431_ass3_worlds/lib/pkgconfig/comp3431_ass3_worlds.pc'
[3.721s] Level 1:colcon.colcon_core.environment:checking '/home/rsa2021/starter_code/src/comp3431-ass3-worlds/install/comp3431_ass3_worlds/lib/python3.8/site-packages'
[3.722s] INFO:colcon.colcon_core.shell:Creating package script '/home/rsa2021/starter_code/src/comp3431-ass3-worlds/install/comp3431_ass3_worlds/share/comp3431_ass3_worlds/package.ps1'
[3.723s] INFO:colcon.colcon_core.shell:Creating package descriptor '/home/rsa2021/starter_code/src/comp3431-ass3-worlds/install/comp3431_ass3_worlds/share/comp3431_ass3_worlds/package.dsv'
[3.723s] INFO:colcon.colcon_core.shell:Creating package script '/home/rsa2021/starter_code/src/comp3431-ass3-worlds/install/comp3431_ass3_worlds/share/comp3431_ass3_worlds/package.sh'
[3.724s] INFO:colcon.colcon_core.shell:Creating package script '/home/rsa2021/starter_code/src/comp3431-ass3-worlds/install/comp3431_ass3_worlds/share/comp3431_ass3_worlds/package.bash'
[3.725s] INFO:colcon.colcon_core.shell:Creating package script '/home/rsa2021/starter_code/src/comp3431-ass3-worlds/install/comp3431_ass3_worlds/share/comp3431_ass3_worlds/package.zsh'
[3.726s] Level 1:colcon.colcon_core.environment:create_file_with_runtime_dependencies(/home/rsa2021/starter_code/src/comp3431-ass3-worlds/install/comp3431_ass3_worlds/share/colcon-core/packages/comp3431_ass3_worlds)
[3.727s] DEBUG:colcon.colcon_parallel_executor.executor.parallel:closing loop
[3.728s] DEBUG:colcon.colcon_parallel_executor.executor.parallel:loop closed
[3.728s] DEBUG:colcon.colcon_parallel_executor.executor.parallel:run_until_complete finished with '0'
[3.728s] DEBUG:colcon.colcon_core.event_reactor:joining thread
[3.739s] INFO:colcon.colcon_core.plugin_system:Skipping extension 'colcon_notification.desktop_notification.terminal_notifier': Not used on non-Darwin systems
[3.739s] INFO:colcon.colcon_core.plugin_system:Skipping extension 'colcon_notification.desktop_notification.win32': Not used on non-Windows systems
[3.739s] INFO:colcon.colcon_notification.desktop_notification:Sending desktop notification using 'notify2'
[3.762s] DEBUG:colcon.colcon_core.event_reactor:joined thread
[3.762s] INFO:colcon.colcon_core.shell:Creating prefix script '/home/rsa2021/starter_code/src/comp3431-ass3-worlds/install/local_setup.ps1'
[3.764s] INFO:colcon.colcon_core.shell:Creating prefix util module '/home/rsa2021/starter_code/src/comp3431-ass3-worlds/install/_local_setup_util_ps1.py'
[3.765s] INFO:colcon.colcon_core.shell:Creating prefix chain script '/home/rsa2021/starter_code/src/comp3431-ass3-worlds/install/setup.ps1'
[3.769s] INFO:colcon.colcon_core.shell:Creating prefix script '/home/rsa2021/starter_code/src/comp3431-ass3-worlds/install/local_setup.sh'
[3.770s] INFO:colcon.colcon_core.shell:Creating prefix util module '/home/rsa2021/starter_code/src/comp3431-ass3-worlds/install/_local_setup_util_sh.py'
[3.771s] INFO:colcon.colcon_core.shell:Creating prefix chain script '/home/rsa2021/starter_code/src/comp3431-ass3-worlds/install/setup.sh'
[3.777s] INFO:colcon.colcon_core.shell:Creating prefix script '/home/rsa2021/starter_code/src/comp3431-ass3-worlds/install/local_setup.bash'
[3.778s] INFO:colcon.colcon_core.shell:Creating prefix chain script '/home/rsa2021/starter_code/src/comp3431-ass3-worlds/install/setup.bash'
[3.782s] INFO:colcon.colcon_core.shell:Creating prefix script '/home/rsa2021/starter_code/src/comp3431-ass3-worlds/install/local_setup.zsh'
[3.783s] INFO:colcon.colcon_core.shell:Creating prefix chain script '/home/rsa2021/starter_code/src/comp3431-ass3-worlds/install/setup.zsh'
