[0.333s] DEBUG:colcon:Command line arguments: ['/usr/bin/colcon', 'build']
[0.333s] DEBUG:colcon:Parsed command line arguments: Namespace(ament_cmake_args=None, base_paths=['.'], build_base='build', catkin_cmake_args=None, catkin_skip_building_tests=False, cmake_args=None, cmake_clean_cache=False, cmake_clean_first=False, cmake_force_configure=False, cmake_target=None, cmake_target_skip_unavailable=False, continue_on_error=False, event_handlers=None, executor='parallel', ignore_user_meta=False, install_base='install', log_base=None, log_level=None, main=<bound method BuildVerb.main of <colcon_core.verb.build.BuildVerb object at 0x7f844fdd8b80>>, merge_install=False, metas=['./colcon.meta'], packages_above=None, packages_above_and_dependencies=None, packages_above_depth=None, packages_end=None, packages_ignore=None, packages_ignore_regex=None, packages_select=None, packages_select_build_failed=False, packages_select_by_dep=None, packages_select_regex=None, packages_select_test_failures=False, packages_skip=None, packages_skip_build_finished=False, packages_skip_by_dep=None, packages_skip_regex=None, packages_skip_test_passed=False, packages_skip_up_to=None, packages_start=None, packages_up_to=None, packages_up_to_regex=None, parallel_workers=8, paths=None, symlink_install=False, test_result_base=None, verb_extension=<colcon_core.verb.build.BuildVerb object at 0x7f844fdd8b80>, verb_name='build', verb_parser=<colcon_defaults.argument_parser.defaults.DefaultArgumentsDecorator object at 0x7f844fde7130>)
[0.339s] Level 1:colcon.colcon_core.package_discovery:discover_packages(colcon_meta) check parameters
[0.339s] Level 1:colcon.colcon_core.package_discovery:discover_packages(recursive) check parameters
[0.339s] Level 1:colcon.colcon_core.package_discovery:discover_packages(ignore) check parameters
[0.339s] Level 1:colcon.colcon_core.package_discovery:discover_packages(path) check parameters
[0.339s] Level 1:colcon.colcon_core.package_discovery:discover_packages(colcon_meta) discover
[0.339s] Level 1:colcon.colcon_core.package_discovery:discover_packages(recursive) discover
[0.340s] INFO:colcon.colcon_core.package_discovery:Crawling recursively for packages in '/home/rsa2021/starter_code/src/comp3431_interfaces'
[0.340s] Level 1:colcon.colcon_core.package_identification:_identify(.) by extensions ['ignore', 'ignore_ament_install']
[0.340s] Level 1:colcon.colcon_core.package_identification:_identify(.) by extension 'ignore'
[0.340s] Level 1:colcon.colcon_core.package_identification:_identify(.) by extension 'ignore_ament_install'
[0.340s] Level 1:colcon.colcon_core.package_identification:_identify(.) by extensions ['colcon_pkg']
[0.340s] Level 1:colcon.colcon_core.package_identification:_identify(.) by extension 'colcon_pkg'
[0.340s] Level 1:colcon.colcon_core.package_identification:_identify(.) by extensions ['colcon_meta']
[0.340s] Level 1:colcon.colcon_core.package_identification:_identify(.) by extension 'colcon_meta'
[0.340s] Level 1:colcon.colcon_core.package_identification:_identify(.) by extensions ['ros']
[0.340s] Level 1:colcon.colcon_core.package_identification:_identify(.) by extension 'ros'
[0.357s] DEBUG:colcon.colcon_core.package_identification:Package '.' with type 'ros.ament_cmake' and name 'comp3431_interfaces'
[0.357s] Level 1:colcon.colcon_core.package_discovery:discover_packages(recursive) using defaults
[0.357s] Level 1:colcon.colcon_core.package_discovery:discover_packages(ignore) discover
[0.357s] Level 1:colcon.colcon_core.package_discovery:discover_packages(ignore) using defaults
[0.357s] Level 1:colcon.colcon_core.package_discovery:discover_packages(path) discover
[0.357s] Level 1:colcon.colcon_core.package_discovery:discover_packages(path) using defaults
[0.379s] Level 5:colcon.colcon_core.verb:set package 'comp3431_interfaces' build argument 'cmake_args' from command line to 'None'
[0.379s] Level 5:colcon.colcon_core.verb:set package 'comp3431_interfaces' build argument 'cmake_target' from command line to 'None'
[0.379s] Level 5:colcon.colcon_core.verb:set package 'comp3431_interfaces' build argument 'cmake_target_skip_unavailable' from command line to 'False'
[0.380s] Level 5:colcon.colcon_core.verb:set package 'comp3431_interfaces' build argument 'cmake_clean_cache' from command line to 'False'
[0.380s] Level 5:colcon.colcon_core.verb:set package 'comp3431_interfaces' build argument 'cmake_clean_first' from command line to 'False'
[0.380s] Level 5:colcon.colcon_core.verb:set package 'comp3431_interfaces' build argument 'cmake_force_configure' from command line to 'False'
[0.380s] Level 5:colcon.colcon_core.verb:set package 'comp3431_interfaces' build argument 'ament_cmake_args' from command line to 'None'
[0.380s] Level 5:colcon.colcon_core.verb:set package 'comp3431_interfaces' build argument 'catkin_cmake_args' from command line to 'None'
[0.380s] Level 5:colcon.colcon_core.verb:set package 'comp3431_interfaces' build argument 'catkin_skip_building_tests' from command line to 'False'
[0.380s] DEBUG:colcon.colcon_core.verb:Building package 'comp3431_interfaces' with the following arguments: {'ament_cmake_args': None, 'build_base': '/home/rsa2021/starter_code/src/comp3431_interfaces/build/comp3431_interfaces', 'catkin_cmake_args': None, 'catkin_skip_building_tests': False, 'cmake_args': None, 'cmake_clean_cache': False, 'cmake_clean_first': False, 'cmake_force_configure': False, 'cmake_target': None, 'cmake_target_skip_unavailable': False, 'install_base': '/home/rsa2021/starter_code/src/comp3431_interfaces/install/comp3431_interfaces', 'merge_install': False, 'path': '/home/rsa2021/starter_code/src/comp3431_interfaces', 'symlink_install': False, 'test_result_base': None}
[0.380s] INFO:colcon.colcon_core.executor:Executing jobs using 'parallel' executor
[0.383s] DEBUG:colcon.colcon_parallel_executor.executor.parallel:run_until_complete
[0.383s] INFO:colcon.colcon_ros.task.ament_cmake.build:Building ROS package in '/home/rsa2021/starter_code/src/comp3431_interfaces' with build type 'ament_cmake'
[0.383s] INFO:colcon.colcon_cmake.task.cmake.build:Building CMake package in '/home/rsa2021/starter_code/src/comp3431_interfaces'
[0.388s] INFO:colcon.colcon_core.plugin_system:Skipping extension 'colcon_core.shell.bat': Not used on non-Windows systems
[0.388s] INFO:colcon.colcon_core.shell:Skip shell extension 'powershell' for command environment: Not usable outside of PowerShell
[0.388s] DEBUG:colcon.colcon_core.shell:Skip shell extension 'dsv' for command environment
[0.391s] WARNING:colcon.colcon_core.prefix_path.colcon:The path '/home/rsa2021/starter_code/install' in the environment variable COLCON_PREFIX_PATH doesn't exist
[0.391s] WARNING:colcon.colcon_ros.prefix_path.ament:The path '/home/rsa2021/starter_code/install/zbar_ros' in the environment variable AMENT_PREFIX_PATH doesn't exist
[0.391s] WARNING:colcon.colcon_ros.prefix_path.ament:The path '/home/rsa2021/starter_code/install/comp3431_starter' in the environment variable AMENT_PREFIX_PATH doesn't exist
[0.391s] WARNING:colcon.colcon_ros.prefix_path.ament:The path '/home/rsa2021/starter_code/install/zbar_ros_interfaces' in the environment variable AMENT_PREFIX_PATH doesn't exist
[0.391s] WARNING:colcon.colcon_ros.prefix_path.ament:The path '/home/rsa2021/starter_code/install/soccer_marker_generation' in the environment variable AMENT_PREFIX_PATH doesn't exist
[0.391s] WARNING:colcon.colcon_ros.prefix_path.ament:The path '/home/rsa2021/starter_code/install/soccer_vision_msgs' in the environment variable AMENT_PREFIX_PATH doesn't exist
[0.391s] WARNING:colcon.colcon_ros.prefix_path.ament:The path '/home/rsa2021/starter_code/install/comp3431_interfaces' in the environment variable AMENT_PREFIX_PATH doesn't exist
[0.392s] WARNING:colcon.colcon_ros.prefix_path.ament:The path '/home/rsa2021/starter_code/install/comp3431_ass3_worlds' in the environment variable AMENT_PREFIX_PATH doesn't exist
[0.392s] WARNING:colcon.colcon_ros.prefix_path.ament:The path '/home/rsa2021/starter_code/src/comp3431_interfaces/install/comp3431_interfaces' in the environment variable AMENT_PREFIX_PATH doesn't exist
[0.392s] WARNING:colcon.colcon_ros.prefix_path.catkin:The path '/home/rsa2021/starter_code/install/zbar_ros' in the environment variable CMAKE_PREFIX_PATH doesn't exist
[0.392s] WARNING:colcon.colcon_ros.prefix_path.catkin:The path '/home/rsa2021/starter_code/install/comp3431_starter' in the environment variable CMAKE_PREFIX_PATH doesn't exist
[0.392s] WARNING:colcon.colcon_ros.prefix_path.catkin:The path '/home/rsa2021/starter_code/install/zbar_ros_interfaces' in the environment variable CMAKE_PREFIX_PATH doesn't exist
[0.392s] WARNING:colcon.colcon_ros.prefix_path.catkin:The path '/home/rsa2021/starter_code/install/soccer_marker_generation' in the environment variable CMAKE_PREFIX_PATH doesn't exist
[0.392s] WARNING:colcon.colcon_ros.prefix_path.catkin:The path '/home/rsa2021/starter_code/install/soccer_vision_msgs' in the environment variable CMAKE_PREFIX_PATH doesn't exist
[0.392s] WARNING:colcon.colcon_ros.prefix_path.catkin:The path '/home/rsa2021/starter_code/install/comp3431_interfaces' in the environment variable CMAKE_PREFIX_PATH doesn't exist
[0.393s] WARNING:colcon.colcon_ros.prefix_path.catkin:The path '/home/rsa2021/starter_code/install/comp3431_ass3_worlds' in the environment variable CMAKE_PREFIX_PATH doesn't exist
[0.393s] WARNING:colcon.colcon_ros.prefix_path.catkin:The path '/home/rsa2021/starter_code/src/comp3431_interfaces/install/comp3431_interfaces' in the environment variable CMAKE_PREFIX_PATH doesn't exist
[0.393s] DEBUG:colcon.colcon_core.shell:Ignoring prefix path '/opt/ros/foxy'
[0.410s] DEBUG:colcon.colcon_core.event_handler.log_command:Invoking command in '/home/rsa2021/starter_code/src/comp3431_interfaces/build/comp3431_interfaces': CMAKE_PREFIX_PATH=${CMAKE_PREFIX_PATH}:/opt/ros/foxy /usr/bin/cmake /home/rsa2021/starter_code/src/comp3431_interfaces -DCMAKE_INSTALL_PREFIX=/home/rsa2021/starter_code/src/comp3431_interfaces/install/comp3431_interfaces
[3.329s] DEBUG:colcon.colcon_core.event_handler.log_command:Invoked command in '/home/rsa2021/starter_code/src/comp3431_interfaces/build/comp3431_interfaces' returned '0': CMAKE_PREFIX_PATH=${CMAKE_PREFIX_PATH}:/opt/ros/foxy /usr/bin/cmake /home/rsa2021/starter_code/src/comp3431_interfaces -DCMAKE_INSTALL_PREFIX=/home/rsa2021/starter_code/src/comp3431_interfaces/install/comp3431_interfaces
[3.335s] DEBUG:colcon.colcon_core.event_handler.log_command:Invoking command in '/home/rsa2021/starter_code/src/comp3431_interfaces/build/comp3431_interfaces': CMAKE_PREFIX_PATH=${CMAKE_PREFIX_PATH}:/opt/ros/foxy /usr/bin/cmake --build /home/rsa2021/starter_code/src/comp3431_interfaces/build/comp3431_interfaces -- -j8 -l8
[9.972s] DEBUG:colcon.colcon_core.event_handler.log_command:Invoked command in '/home/rsa2021/starter_code/src/comp3431_interfaces/build/comp3431_interfaces' returned '0': CMAKE_PREFIX_PATH=${CMAKE_PREFIX_PATH}:/opt/ros/foxy /usr/bin/cmake --build /home/rsa2021/starter_code/src/comp3431_interfaces/build/comp3431_interfaces -- -j8 -l8
[10.136s] DEBUG:colcon.colcon_core.event_handler.log_command:Invoking command in '/home/rsa2021/starter_code/src/comp3431_interfaces/build/comp3431_interfaces': CMAKE_PREFIX_PATH=${CMAKE_PREFIX_PATH}:/opt/ros/foxy /usr/bin/cmake --install /home/rsa2021/starter_code/src/comp3431_interfaces/build/comp3431_interfaces
[10.244s] Level 1:colcon.colcon_core.environment:create_environment_scripts_only(comp3431_interfaces)
[10.246s] DEBUG:colcon.colcon_core.event_handler.log_command:Invoked command in '/home/rsa2021/starter_code/src/comp3431_interfaces/build/comp3431_interfaces' returned '0': CMAKE_PREFIX_PATH=${CMAKE_PREFIX_PATH}:/opt/ros/foxy /usr/bin/cmake --install /home/rsa2021/starter_code/src/comp3431_interfaces/build/comp3431_interfaces
[10.250s] Level 1:colcon.colcon_core.environment:checking '/home/rsa2021/starter_code/src/comp3431_interfaces/install/comp3431_interfaces' for CMake module files
[10.251s] Level 1:colcon.colcon_core.environment:checking '/home/rsa2021/starter_code/src/comp3431_interfaces/install/comp3431_interfaces' for CMake config files
[10.252s] Level 1:colcon.colcon_core.shell:create_environment_hook('comp3431_interfaces', 'cmake_prefix_path')
[10.253s] INFO:colcon.colcon_core.shell:Creating environment hook '/home/rsa2021/starter_code/src/comp3431_interfaces/install/comp3431_interfaces/share/comp3431_interfaces/hook/cmake_prefix_path.ps1'
[10.253s] INFO:colcon.colcon_core.shell:Creating environment descriptor '/home/rsa2021/starter_code/src/comp3431_interfaces/install/comp3431_interfaces/share/comp3431_interfaces/hook/cmake_prefix_path.dsv'
[10.254s] INFO:colcon.colcon_core.shell:Creating environment hook '/home/rsa2021/starter_code/src/comp3431_interfaces/install/comp3431_interfaces/share/comp3431_interfaces/hook/cmake_prefix_path.sh'
[10.255s] Level 1:colcon.colcon_core.environment:checking '/home/rsa2021/starter_code/src/comp3431_interfaces/install/comp3431_interfaces/lib'
[10.255s] Level 1:colcon.colcon_core.shell:create_environment_hook('comp3431_interfaces', 'ld_library_path_lib')
[10.256s] INFO:colcon.colcon_core.shell:Creating environment hook '/home/rsa2021/starter_code/src/comp3431_interfaces/install/comp3431_interfaces/share/comp3431_interfaces/hook/ld_library_path_lib.ps1'
[10.257s] INFO:colcon.colcon_core.shell:Creating environment descriptor '/home/rsa2021/starter_code/src/comp3431_interfaces/install/comp3431_interfaces/share/comp3431_interfaces/hook/ld_library_path_lib.dsv'
[10.258s] INFO:colcon.colcon_core.shell:Creating environment hook '/home/rsa2021/starter_code/src/comp3431_interfaces/install/comp3431_interfaces/share/comp3431_interfaces/hook/ld_library_path_lib.sh'
[10.258s] Level 1:colcon.colcon_core.environment:checking '/home/rsa2021/starter_code/src/comp3431_interfaces/install/comp3431_interfaces/bin'
[10.259s] Level 1:colcon.colcon_core.environment:checking '/home/rsa2021/starter_code/src/comp3431_interfaces/install/comp3431_interfaces/lib/pkgconfig/comp3431_interfaces.pc'
[10.259s] Level 1:colcon.colcon_core.environment:checking '/home/rsa2021/starter_code/src/comp3431_interfaces/install/comp3431_interfaces/lib/python3.8/site-packages'
[10.259s] Level 1:colcon.colcon_core.shell:create_environment_hook('comp3431_interfaces', 'pythonpath')
[10.260s] INFO:colcon.colcon_core.shell:Creating environment hook '/home/rsa2021/starter_code/src/comp3431_interfaces/install/comp3431_interfaces/share/comp3431_interfaces/hook/pythonpath.ps1'
[10.261s] INFO:colcon.colcon_core.shell:Creating environment descriptor '/home/rsa2021/starter_code/src/comp3431_interfaces/install/comp3431_interfaces/share/comp3431_interfaces/hook/pythonpath.dsv'
[10.262s] INFO:colcon.colcon_core.shell:Creating environment hook '/home/rsa2021/starter_code/src/comp3431_interfaces/install/comp3431_interfaces/share/comp3431_interfaces/hook/pythonpath.sh'
[10.264s] INFO:colcon.colcon_core.shell:Creating package script '/home/rsa2021/starter_code/src/comp3431_interfaces/install/comp3431_interfaces/share/comp3431_interfaces/package.ps1'
[10.265s] INFO:colcon.colcon_core.shell:Creating package descriptor '/home/rsa2021/starter_code/src/comp3431_interfaces/install/comp3431_interfaces/share/comp3431_interfaces/package.dsv'
[10.267s] INFO:colcon.colcon_core.shell:Creating package script '/home/rsa2021/starter_code/src/comp3431_interfaces/install/comp3431_interfaces/share/comp3431_interfaces/package.sh'
[10.268s] INFO:colcon.colcon_core.shell:Creating package script '/home/rsa2021/starter_code/src/comp3431_interfaces/install/comp3431_interfaces/share/comp3431_interfaces/package.bash'
[10.269s] INFO:colcon.colcon_core.shell:Creating package script '/home/rsa2021/starter_code/src/comp3431_interfaces/install/comp3431_interfaces/share/comp3431_interfaces/package.zsh'
[10.270s] Level 1:colcon.colcon_core.environment:create_file_with_runtime_dependencies(/home/rsa2021/starter_code/src/comp3431_interfaces/install/comp3431_interfaces/share/colcon-core/packages/comp3431_interfaces)
[10.453s] Level 1:colcon.colcon_core.environment:create_environment_scripts_only(comp3431_interfaces)
[10.454s] Level 1:colcon.colcon_core.environment:checking '/home/rsa2021/starter_code/src/comp3431_interfaces/install/comp3431_interfaces' for CMake module files
[10.455s] Level 1:colcon.colcon_core.environment:checking '/home/rsa2021/starter_code/src/comp3431_interfaces/install/comp3431_interfaces' for CMake config files
[10.455s] Level 1:colcon.colcon_core.shell:create_environment_hook('comp3431_interfaces', 'cmake_prefix_path')
[10.456s] INFO:colcon.colcon_core.shell:Creating environment hook '/home/rsa2021/starter_code/src/comp3431_interfaces/install/comp3431_interfaces/share/comp3431_interfaces/hook/cmake_prefix_path.ps1'
[10.457s] INFO:colcon.colcon_core.shell:Creating environment descriptor '/home/rsa2021/starter_code/src/comp3431_interfaces/install/comp3431_interfaces/share/comp3431_interfaces/hook/cmake_prefix_path.dsv'
[10.458s] INFO:colcon.colcon_core.shell:Creating environment hook '/home/rsa2021/starter_code/src/comp3431_interfaces/install/comp3431_interfaces/share/comp3431_interfaces/hook/cmake_prefix_path.sh'
[10.460s] Level 1:colcon.colcon_core.environment:checking '/home/rsa2021/starter_code/src/comp3431_interfaces/install/comp3431_interfaces/lib'
[10.460s] Level 1:colcon.colcon_core.shell:create_environment_hook('comp3431_interfaces', 'ld_library_path_lib')
[10.462s] INFO:colcon.colcon_core.shell:Creating environment hook '/home/rsa2021/starter_code/src/comp3431_interfaces/install/comp3431_interfaces/share/comp3431_interfaces/hook/ld_library_path_lib.ps1'
[10.463s] INFO:colcon.colcon_core.shell:Creating environment descriptor '/home/rsa2021/starter_code/src/comp3431_interfaces/install/comp3431_interfaces/share/comp3431_interfaces/hook/ld_library_path_lib.dsv'
[10.463s] INFO:colcon.colcon_core.shell:Creating environment hook '/home/rsa2021/starter_code/src/comp3431_interfaces/install/comp3431_interfaces/share/comp3431_interfaces/hook/ld_library_path_lib.sh'
[10.464s] Level 1:colcon.colcon_core.environment:checking '/home/rsa2021/starter_code/src/comp3431_interfaces/install/comp3431_interfaces/bin'
[10.464s] Level 1:colcon.colcon_core.environment:checking '/home/rsa2021/starter_code/src/comp3431_interfaces/install/comp3431_interfaces/lib/pkgconfig/comp3431_interfaces.pc'
[10.464s] Level 1:colcon.colcon_core.environment:checking '/home/rsa2021/starter_code/src/comp3431_interfaces/install/comp3431_interfaces/lib/python3.8/site-packages'
[10.464s] Level 1:colcon.colcon_core.shell:create_environment_hook('comp3431_interfaces', 'pythonpath')
[10.465s] INFO:colcon.colcon_core.shell:Creating environment hook '/home/rsa2021/starter_code/src/comp3431_interfaces/install/comp3431_interfaces/share/comp3431_interfaces/hook/pythonpath.ps1'
[10.466s] INFO:colcon.colcon_core.shell:Creating environment descriptor '/home/rsa2021/starter_code/src/comp3431_interfaces/install/comp3431_interfaces/share/comp3431_interfaces/hook/pythonpath.dsv'
[10.466s] INFO:colcon.colcon_core.shell:Creating environment hook '/home/rsa2021/starter_code/src/comp3431_interfaces/install/comp3431_interfaces/share/comp3431_interfaces/hook/pythonpath.sh'
[10.469s] INFO:colcon.colcon_core.shell:Creating package script '/home/rsa2021/starter_code/src/comp3431_interfaces/install/comp3431_interfaces/share/comp3431_interfaces/package.ps1'
[10.469s] INFO:colcon.colcon_core.shell:Creating package descriptor '/home/rsa2021/starter_code/src/comp3431_interfaces/install/comp3431_interfaces/share/comp3431_interfaces/package.dsv'
[10.470s] INFO:colcon.colcon_core.shell:Creating package script '/home/rsa2021/starter_code/src/comp3431_interfaces/install/comp3431_interfaces/share/comp3431_interfaces/package.sh'
[10.471s] INFO:colcon.colcon_core.shell:Creating package script '/home/rsa2021/starter_code/src/comp3431_interfaces/install/comp3431_interfaces/share/comp3431_interfaces/package.bash'
[10.472s] INFO:colcon.colcon_core.shell:Creating package script '/home/rsa2021/starter_code/src/comp3431_interfaces/install/comp3431_interfaces/share/comp3431_interfaces/package.zsh'
[10.472s] Level 1:colcon.colcon_core.environment:create_file_with_runtime_dependencies(/home/rsa2021/starter_code/src/comp3431_interfaces/install/comp3431_interfaces/share/colcon-core/packages/comp3431_interfaces)
[10.473s] DEBUG:colcon.colcon_parallel_executor.executor.parallel:closing loop
[10.474s] DEBUG:colcon.colcon_parallel_executor.executor.parallel:loop closed
[10.474s] DEBUG:colcon.colcon_parallel_executor.executor.parallel:run_until_complete finished with '0'
[10.474s] DEBUG:colcon.colcon_core.event_reactor:joining thread
[10.493s] INFO:colcon.colcon_core.plugin_system:Skipping extension 'colcon_notification.desktop_notification.terminal_notifier': Not used on non-Darwin systems
[10.493s] INFO:colcon.colcon_core.plugin_system:Skipping extension 'colcon_notification.desktop_notification.win32': Not used on non-Windows systems
[10.493s] INFO:colcon.colcon_notification.desktop_notification:Sending desktop notification using 'notify2'
[10.521s] DEBUG:colcon.colcon_core.event_reactor:joined thread
[10.522s] INFO:colcon.colcon_core.shell:Creating prefix script '/home/rsa2021/starter_code/src/comp3431_interfaces/install/local_setup.ps1'
[10.523s] INFO:colcon.colcon_core.shell:Creating prefix util module '/home/rsa2021/starter_code/src/comp3431_interfaces/install/_local_setup_util_ps1.py'
[10.525s] INFO:colcon.colcon_core.shell:Creating prefix chain script '/home/rsa2021/starter_code/src/comp3431_interfaces/install/setup.ps1'
[10.531s] INFO:colcon.colcon_core.shell:Creating prefix script '/home/rsa2021/starter_code/src/comp3431_interfaces/install/local_setup.sh'
[10.532s] INFO:colcon.colcon_core.shell:Creating prefix util module '/home/rsa2021/starter_code/src/comp3431_interfaces/install/_local_setup_util_sh.py'
[10.533s] INFO:colcon.colcon_core.shell:Creating prefix chain script '/home/rsa2021/starter_code/src/comp3431_interfaces/install/setup.sh'
[10.537s] INFO:colcon.colcon_core.shell:Creating prefix script '/home/rsa2021/starter_code/src/comp3431_interfaces/install/local_setup.bash'
[10.537s] INFO:colcon.colcon_core.shell:Creating prefix chain script '/home/rsa2021/starter_code/src/comp3431_interfaces/install/setup.bash'
[10.540s] INFO:colcon.colcon_core.shell:Creating prefix script '/home/rsa2021/starter_code/src/comp3431_interfaces/install/local_setup.zsh'
[10.541s] INFO:colcon.colcon_core.shell:Creating prefix chain script '/home/rsa2021/starter_code/src/comp3431_interfaces/install/setup.zsh'
